*** Using Compiler 'V5.06 update 7 (build 960)', folder: 'C:\Programs\Keil_v5\ARM\ARMCC\Bin'
Rebuild target 'A_board'
assembling startup_stm32f407xx.s...
compiling gpio.c...
compiling stm32f4xx_hal_msp.c...
compiling stm32f4xx_it.c...
compiling stm32f4xx_hal_timebase_tim.c...
compiling tim.c...
compiling can.c...
compiling usart.c...
compiling spi.c...
compiling dma.c...
compiling stm32f4xx_hal_rcc_ex.c...
compiling freertos.c...
compiling stm32f4xx_hal_can.c...
compiling stm32f4xx_hal_rcc.c...
compiling stm32f4xx_hal_tim_ex.c...
compiling main.c...
compiling croutine.c...
compiling stm32f4xx_hal_tim.c...
compiling event_groups.c...
compiling list.c...
compiling queue.c...
compiling stream_buffer.c...
compiling timers.c...
compiling tasks.c...
compiling heap_4.c...
compiling cmsis_os.c...
compiling port.c...
compiling stm32f4xx_hal_flash_ramfunc.c...
compiling stm32f4xx_hal_flash.c...
compiling stm32f4xx_hal.c...
compiling stm32f4xx_hal_pwr_ex.c...
compiling stm32f4xx_hal_gpio.c...
compiling system_stm32f4xx.c...
compiling stm32f4xx_hal_flash_ex.c...
compiling stm32f4xx_hal_pwr.c...
compiling stm32f4xx_hal_cortex.c...
compiling stm32f4xx_hal_dma_ex.c...
compiling stm32f4xx_hal_exti.c...
compiling stm32f4xx_hal_dma.c...
compiling stm32f4xx_hal_spi.c...
compiling stm32f4xx_hal_uart.c...
compiling bsp_can.c...
compiling sbus_set.c...
compiling pid.c...
compiling CAN_receive.c...
compiling mcp2515.c...
..\Lib\mcp2515.c(621): warning:  #188-D: enumerated type mixed with another type
          ctrlval = MCP2515_Read_Register(hcan, (REGISTER)(i + 3) << 4);
..\Lib\mcp2515.c(624): warning:  #188-D: enumerated type mixed with another type
              return MCP2515_Send_Message_To(hcan, i, frame);
..\Lib\mcp2515.c(635): warning:  #188-D: enumerated type mixed with another type
      MCP2515_Read_Rx(hcan, readCommand, rxReg.rx_reg_array, sizeof(rxReg.rx_reg_array));
..\Lib\mcp2515.c(652): warning:  #188-D: enumerated type mixed with another type
      uint8_t ctrl = MCP2515_Read_Register(hcan, (rxbn + 6) << 4);
..\Lib\mcp2515.c: 4 warnings, 0 errors
compiling motor_control.c...
compiling solenoid_valves.c...
compiling upstairs.c...
compiling imu.c...
compiling four_steering_wheel_ik.c...
compiling arm.c...
compiling uart_task.c...
linking...
Program Size: Code=27952 RO-data=552 RW-data=268 ZI-data=24324  
FromELF: creating hex file...
"A_board\A_board.axf" - 0 Error(s), 4 Warning(s).
Build Time Elapsed:  00:00:07
